android/app/build/outputs/mapping/release/seeds.txt
os.parsec.browser.ui.BrowserPanelFragment$PanelListAdapter$VH
os.parsec.browser.ui.BrowserActivity$showTabSwitcher$switcher$3
os.parsec.browser.ui.TabSwitcherBottomSheet$TabAdapter
os.parsec.browser.ui.BrowserActivity$TabEntry
os.parsec.browser.service.DownloadService$onStartCommand$3
os.parsec.browser.ui.BrowserActivity$ParsecWebViewClient$shouldOverrideUrlLoading$1$1
os.parsec.browser.ui.BrowserActivity$showMenuSheet$sheet$11
os.parsec.browser.ui.MenuBottomSheet$onCreateView$8
os.parsec.browser.ui.TabSwitcherBottomSheet
os.parsec.browser.service.DownloadService$nm$2
os.parsec.browser.ui.SitePermissionsSheet
os.parsec.browser.ui.TabSwitcherBottomSheet$onCreateView$rv$1$swipe$1
os.parsec.browser.ui.BrowserActivity$showFindInPage$btnPrev$1
os.parsec.browser.ui.BrowserActivity$showMenuSheet$sheet$12
os.parsec.browser.ui.BrowserActivity$prefetchUrl$1
os.parsec.browser.ui.BrowserActivity$showMenuSheet$sheet$5
os.parsec.browser.ui.BrowserActivity$ParsecWebViewClient$shouldOverrideUrlLoading$1
os.parsec.browser.ui.MenuBottomSheet
os.parsec.browser.service.DownloadService
os.parsec.browser.ui.MenuBottomSheet$onCreateView$7
os.parsec.browser.ui.BrowserActivity$showMenuSheet$sheet$1
os.parsec.browser.ui.BrowserPanelFragment
os.parsec.browser.ui.BrowserActivity$showFindInPage$btnClose$1
os.parsec.browser.ui.BrowserActivity$special$$inlined$Runnable$1
os.parsec.browser.ui.BrowserPanelFragment$PanelListAdapter
os.parsec.browser.ui.MenuBottomSheet$onCreateView$9
os.parsec.browser.ui.BrowserActivity$loadSuggestions$1
os.parsec.browser.ui.MenuBottomSheet$onCreateView$5
os.parsec.browser.adapter.SuggestionAdapter$ViewHolder
os.parsec.browser.ui.BrowserActivity$showMenuSheet$sheet$9
os.parsec.browser.ui.SitePermissionsSheet$onCreateView$PermRow
os.parsec.browser.adapter.SuggestionAdapter
os.parsec.browser.ui.BrowserActivity$showTabSwitcher$switcher$1
os.parsec.browser.service.DownloadService$LocalBinder
os.parsec.browser.ui.MenuBottomSheet$onCreateView$10
os.parsec.browser.ui.BrowserActivity$showMenuSheet$sheet$4
os.parsec.browser.ui.BrowserActivity$setupBackHandler$1
os.parsec.browser.ui.BrowserActivity$navigateTab$1
os.parsec.browser.ParsecCore
os.parsec.browser.ui.BrowserActivity$ParsecWebChromeClient
os.parsec.browser.ui.BrowserActivity$loadSuggestions$1$1$adapter$1
os.parsec.browser.ui.BrowserActivity$showFindInPage$2
os.parsec.browser.ui.SitePermissionsSheet$Companion
os.parsec.browser.ui.BrowserPanelFragment$buildListView$1
os.parsec.browser.ui.BrowserActivity$navigateTab$1$1
os.parsec.browser.ui.BrowserActivity$ParsecWebViewClient
os.parsec.browser.ui.MenuBottomSheet$onCreateView$2
os.parsec.browser.ui.BrowserActivity$showMenuSheet$sheet$6
os.parsec.browser.ui.MenuBottomSheet$onCreateView$6
os.parsec.browser.ui.BrowserPanelFragment$buildListView$1$data$1
os.parsec.browser.service.DownloadService$startResumableJob$job$1
os.parsec.browser.ui.MenuBottomSheet$onCreateView$4
os.parsec.browser.ui.BrowserActivity$setupUrlBar$2
os.parsec.browser.ui.BrowserActivity$showFindInPage$btnNext$1
os.parsec.browser.ui.MenuBottomSheet$onCreateView$1
os.parsec.browser.ui.BrowserActivity$loadSuggestions$1$1
os.parsec.browser.ui.BrowserActivity$showMenuSheet$sheet$10
os.parsec.browser.ui.BrowserActivity
os.parsec.browser.ui.MenuBottomSheet$onCreateView$3
os.parsec.browser.ui.BrowserActivity$showPanel$frag$1
os.parsec.browser.ui.BrowserActivity$showMenuSheet$sheet$3
os.parsec.browser.ui.BrowserActivity$showMenuSheet$sheet$7
os.parsec.browser.ui.BrowserActivity$showTabSwitcher$switcher$2
os.parsec.browser.ui.TabSwitcherBottomSheet$TabAdapter$VH
os.parsec.browser.ui.BrowserPanelFragment$Companion
os.parsec.browser.ui.BrowserActivity$showMenuSheet$sheet$8
os.parsec.browser.ParsecApplication
os.parsec.browser.ui.BrowserActivity$showMenuSheet$sheet$2
os.parsec.browser.ui.BrowserActivity$ParsecWebViewClient: boolean incognito
os.parsec.browser.ui.MenuBottomSheet$onCreateView$1: os.parsec.browser.ui.MenuBottomSheet this$0
...
androidx.core.graphics.PaintCompat$Api23Impl: boolean hasGlyph(android.graphics.Paint,java.lang.String)
okhttp3.internal.http.RealInterceptorChain: okhttp3.Connection connection()
okhttp3.CacheControl: okhttp3.CacheControl parse(okhttp3.Headers)
androidx.core.view.ViewCompat$Api26Impl: void setTooltipText(android.view.View,java.lang.CharSequence)
androidx.fragment.app.Fragment: void onDestroyOptionsMenu()
okhttp3.internal.http2.Huffman: int encodedLength(okio.ByteString)
androidx.recyclerview.widget.RecyclerView$ViewHolder: void setFlags(int,int)
androidx.fragment.app.Fragment: void onDestroy()
com.google.gson.internal.NonNullElementWrapperList: int indexOf(java.lang.Object)
okhttp3.internal.cache2.Relay$RelaySource: void close()
androidx.fragment.app.Fragment: void performMultiWindowModeChanged(boolean)
okhttp3.internal.http2.Http2Stream$StreamTimeout: Http2Stream$StreamTimeout(okhttp3.internal.http2.Http2Stream)
okhttp3.internal.http2.Hpack$Reader: int readInt(int,int)
com.google.gson.JsonPrimitive: java.math.BigInteger getAsBigInteger()
okhttp3.MultipartBody: okhttp3.MultipartBody$Part part(int)
okhttp3.internal.ws.RealWebSocket: boolean close(int,java.lang.String,long)
androidx.core.app.NotificationCompat$Action$Builder$Api23Impl: android.graphics.drawable.Icon getIcon(android.app.Notification$Action)
androidx.activity.ComponentActivity: boolean onCreatePanelMenu(int,android.view.Menu)
okhttp3.HttpUrl: java.lang.String -deprecated_host()
com.google.gson.internal.LinkedTreeMap$LinkedTreeMapIterator: boolean hasNext()
androidx.appcompat.widget.Toolbar: java.lang.CharSequence getSubtitle()
androidx.appcompat.widget.AppCompatMultiAutoCompleteTextView: android.content.res.ColorStateList getSupportBackgroundTintList()
androidx.recyclerview.widget.RecyclerView: androidx.recyclerview.widget.RecyclerView$OnFlingListener getOnFlingListener()
androidx.appcompat.widget.AppCompatCheckBox: int getCompoundPaddingLeft()
okhttp3.Request$Builder: okhttp3.Request$Builder method(java.lang.String,okhttp3.RequestBody)
okhttp3.internal.platform.android.AndroidSocketAdapter$Companion$factory$1: AndroidSocketAdapter$Companion$factory$1(java.lang.String)
okhttp3.internal.http.ExchangeCodec: okhttp3.Headers trailers()
com.google.gson.internal.bind.JsonTreeReader: long nextLong()
androidx.appcompat.app.AppCompatActivity: void setSupportProgress(int)
androidx.core.widget.TextViewCompat$Api17Impl: void setCompoundDrawablesRelative(android.widget.TextView,android.graphics.drawable.Drawable,android.graphics.drawable.Drawable,android.graphics.drawable.Drawable,android.graphics.drawable.Drawable)
androidx.fragment.app.DialogFragment: void setCancelable(boolean)
androidx.core.app.NotificationCompat$Builder: androidx.core.app.NotificationCompat$Builder setSound(android.net.Uri,int)
okhttp3.CacheControl$Builder: okhttp3.CacheControl$Builder maxAge(int,java.util.concurrent.TimeUnit)
androidx.appcompat.view.menu.ExpandedMenuView: ExpandedMenuView(android.content.Context,android.util.AttributeSet)
androidx.appcompat.widget.AppCompatAutoCompleteTextView: void setKeyListener(android.text.method.KeyListener)
androidx.core.widget.ListViewCompat$Api19Impl: boolean canScrollList(android.widget.ListView,int)
okhttp3.CertificatePinner: int hashCode()
androidx.recyclerview.widget.ItemTouchHelper$Callback: int getBoundingBoxMargin()
androidx.appcompat.app.AppCompatDelegate$Api33Impl: void localeManagerSetApplicationLocales(java.lang.Object,android.os.LocaleList)
okhttp3.Cache$Entry: Cache$Entry(okio.Source)
okhttp3.RequestBody: okhttp3.RequestBody create(byte[],okhttp3.MediaType,int)
androidx.appcompat.widget.AppCompatTextViewAutoSizeHelper$Impl23: AppCompatTextViewAutoSizeHelper$Impl23()
okhttp3.internal.http2.Http2Connection$Builder: okhttp3.internal.http2.Http2Connection$Builder pushObserver(okhttp3.internal.http2.PushObserver)
androidx.appcompat.widget.Toolbar: void setNavigationIcon(android.graphics.drawable.Drawable)