android/app/build/outputs/mapping/release/usage.txt
os.parsec.browser.BuildConfig
os.parsec.browser.R$color
os.parsec.browser.R$drawable
os.parsec.browser.R$id:
    private void <init>()
os.parsec.browser.R$layout:
    private void <init>()
os.parsec.browser.R$mipmap
os.parsec.browser.R$string
os.parsec.browser.R$style
os.parsec.browser.R$xml
os.parsec.browser.R
os.parsec.browser.databinding.ActivityBrowserBinding
os.parsec.browser.R$id
os.parsec.browser.R$layout
os.parsec.browser.ui.BrowserActivity$$InternalSyntheticLambda$1$0ab2b75ab43a5ec7fbcdc04c67316933cb5608f6f0bb8bf8ed88193504546e5b$1
os.parsec.browser.ui.BrowserActivity$$InternalSyntheticLambda$1$0ab2b75ab43a5ec7fbcdc04c67316933cb5608f6f0bb8bf8ed88193504546e5b$2
os.parsec.browser.ui.BrowserActivity$$InternalSyntheticLambda$1$0ab2b75ab43a5ec7fbcdc04c67316933cb5608f6f0bb8bf8ed88193504546e5b$3
os.parsec.browser.ui.BrowserActivity$$InternalSyntheticLambda$1$0ab2b75ab43a5ec7fbcdc04c67316933cb5608f6f0bb8bf8ed88193504546e5b$4
os.parsec.browser.ui.BrowserActivity$$InternalSyntheticLambda$1$0ab2b75ab43a5ec7fbcdc04c67316933cb5608f6f0bb8bf8ed88193504546e5b$5
os.parsec.browser.ui.BrowserActivity$$InternalSyntheticLambda$1$ba66552f365e4a29c384873db8aebb59f57c3731ac31b301a7ae872524b46b8c$0
os.parsec.browser.ui.BrowserActivity$$InternalSyntheticLambda$1$e117d85c288ab15196ed3f31ba7e1db3a4e48e07f21da27fa1adce93e9703967$1
os.parsec.browser.ui.BrowserPanelFragment$PanelListAdapter$$InternalSyntheticLambda$1$bb83d56f8cbaa02b49db35a727f8ed069b2c56cf67347de3560bcafb541055ec$0
os.parsec.browser.ui.MenuBottomSheet$$InternalSyntheticLambda$1$93e0bd2fa9359831eaee0b5e65e8651090b54c4e87f40c1427c8085cfa2ec7b9$0
os.parsec.browser.ui.MenuBottomSheet$$InternalSyntheticLambda$1$f868d6b23d9216ad5d854b0f506262ad4bd6ab6c6fde1cff66a23e0ed93c3c87$1
os.parsec.browser.ui.SitePermissionsSheet$$InternalSyntheticLambda$1$b26f86426c75db4cf3c7a3d3fe7ddea3fe734695b87d287e3fec5449642941a7$0
os.parsec.browser.ui.TabSwitcherBottomSheet$$InternalSyntheticLambda$1$1f0beca7ac0ca1516d612bba296c6b378cc43b098edd784d9dc67c9c26a7b6ff$0
os.parsec.browser.ui.TabSwitcherBottomSheet$TabAdapter$$InternalSyntheticLambda$1$00514969ed4ec3b8234d589863785f9d21d0362317cd96c7ea381fc8e35254d4$1
...
kotlin.jvm.functions.Function16:
    public abstract java.lang.Object invoke(java.lang.Object,java.lang.Object,java.lang.Object,java.lang.Object,java.lang.Object,java.lang.Object,java.lang.Object,java.lang.Object,java.lang.Object,java.lang.Object,java.lang.Object,java.lang.Object,java.lang.Object,java.lang.Object,java.lang.Object,java.lang.Object)
kotlin.jvm.functions.Function17:
    public abstract java.lang.Object invoke(java.lang.Object,java.lang.Object,java.lang.Object,java.lang.Object,java.lang.Object,java.lang.Object,java.lang.Object,java.lang.Object,java.lang.Object,java.lang.Object,java.lang.Object,java.lang.Object,java.lang.Object,java.lang.Object,java.lang.Object,java.lang.Object,java.lang.Object)
kotlin.jvm.functions.Function18:
    public abstract java.lang.Object invoke(java.lang.Object,java.lang.Object,java.lang.Object,java.lang.Object,java.lang.Object,java.lang.Object,java.lang.Object,java.lang.Object,java.lang.Object,java.lang.Object,java.lang.Object,java.lang.Object,java.lang.Object,java.lang.Object,java.lang.Object,java.lang.Object,java.lang.Object,java.lang.Object)
kotlin.jvm.functions.Function19:
    public abstract java.lang.Object invoke(java.lang.Object,java.lang.Object,java.lang.Object,java.lang.Object,java.lang.Object,java.lang.Object,java.lang.Object,java.lang.Object,java.lang.Object,java.lang.Object,java.lang.Object,java.lang.Object,java.lang.Object,java.lang.Object,java.lang.Object,java.lang.Object,java.lang.Object,java.lang.Object,java.lang.Object)
kotlin.jvm.functions.Function20:
    public abstract java.lang.Object invoke(java.lang.Object,java.lang.Object,java.lang.Object,java.lang.Object,java.lang.Object,java.lang.Object,java.lang.Object,java.lang.Object,java.lang.Object,java.lang.Object,java.lang.Object,java.lang.Object,java.lang.Object,java.lang.Object,java.lang.Object,java.lang.Object,java.lang.Object,java.lang.Object,java.lang.Object,java.lang.Object)
kotlin.jvm.functions.Function21:
    public abstract java.lang.Object invoke(java.lang.Object,java.lang.Object,java.lang.Object,java.lang.Object,java.lang.Object,java.lang.Object,java.lang.Object,java.lang.Object,java.lang.Object,java.lang.Object,java.lang.Object,java.lang.Object,java.lang.Object,java.lang.Object,java.lang.Object,java.lang.Object,java.lang.Object,java.lang.Object,java.lang.Object,java.lang.Object,java.lang.Object)
kotlin.jvm.functions.Function22:
    public abstract java.lang.Object invoke(java.lang.Object,java.lang.Object,java.lang.Object,java.lang.Object,java.lang.Object,java.lang.Object,java.lang.Object,java.lang.Object,java.lang.Object,java.lang.Object,java.lang.Object,java.lang.Object,java.lang.Object,java.lang.Object,java.lang.Object,java.lang.Object,java.lang.Object,java.lang.Object,java.lang.Object,java.lang.Object,java.lang.Object,java.lang.Object)
kotlin.jvm.functions.Function3:
    public abstract java.lang.Object invoke(java.lang.Object,java.lang.Object,java.lang.Object)
kotlin.jvm.functions.Function4:
    public abstract java.lang.Object invoke(java.lang.Object,java.lang.Object,java.lang.Object,java.lang.Object)
kotlin.jvm.functions.Function5:
    public abstract java.lang.Object invoke(java.lang.Object,java.lang.Object,java.lang.Object,java.lang.Object,java.lang.Object)
kotlin.jvm.functions.Function6:
    public abstract java.lang.Object invoke(java.lang.Object,java.lang.Object,java.lang.Object,java.lang.Object,java.lang.Object,java.lang.Object)
kotlin.jvm.functions.Function7:
    public abstract java.lang.Object invoke(java.lang.Object,java.lang.Object,java.lang.Object,java.lang.Object,java.lang.Object,java.lang.Object,java.lang.Object)
kotlin.jvm.functions.Function8:
    public abstract java.lang.Object invoke(java.lang.Object,java.lang.Object,java.lang.Object,java.lang.Object,java.lang.Object,java.lang.Object,java.lang.Object,java.lang.Object)